python: can't open file '/home/pi/Projects/pi-air2/pi-air2/carbon-count-uart.py': [Errno 2] No such file or directory
python: can't open file '/home/pi/Projects/pi-air2/pi-air2/carbon_count_uart.py': [Errno 2] No such file or directory
Start PI-Air measurment
Checksum did not validate. Try again.
Checksum did not validate. Try again.
Checksum did not validate. Try again.
Checksum did not validate. Try again.
A full buffer was not returned. Try again.
Checksum did not validate. Try again.
Checksum did not validate. Try again.
Checksum did not validate. Try again.
Checksum did not validate. Try again.
A full buffer was not returned. Try again.
Checksum did not validate. Try again.
A full buffer was not returned. Try again.
A full buffer was not returned. Try again.
A full buffer was not returned. Try again.
Checksum did not validate. Try again.
A full buffer was not returned. Try again.
Checksum did not validate. Try again.
A full buffer was not returned. Try again.
Checksum did not validate. Try again.
A full buffer was not returned. Try again.
Checksum did not validate. Try again.
A full buffer was not returned. Try again.
Checksum did not validate. Try again.
Checksum did not validate. Try again.
Checksum did not validate. Try again.
Checksum did not validate. Try again.
Checksum did not validate. Try again.
Checksum did not validate. Try again.
Checksum did not validate. Try again.
Checksum did not validate. Try again.
Checksum did not validate. Try again.
Checksum did not validate. Try again.
Checksum did not validate. Try again.
Checksum did not validate. Try again.
Checksum did not validate. Try again.
Checksum did not validate. Try again.
Checksum did not validate. Try again.
A full buffer was not returned. Try again.
A full buffer was not returned. Try again.
Checksum did not validate. Try again.
Checksum did not validate. Try again.
Checksum did not validate. Try again.
Checksum did not validate. Try again.
Checksum did not validate. Try again.
A full buffer was not returned. Try again.
Checksum did not validate. Try again.
A full buffer was not returned. Try again.
Checksum did not validate. Try again.
Checksum error from received: `b'ff8601003500410300''
Checksum error from received: `b'ff8601003500410300''
Checksum did not validate. Try again.
Checksum error from received: `b'ff8600ff3500430300''
Checksum error from received: `b'ff8600fc3500460300''
Checksum error from received: `b'ff8600fc3500460300''
Checksum error from received: `b'ff8600fb3500470300''
Checksum error from received: `b'ff8600fa3500480300''
Checksum error from received: `b'ff8600fa3500480300''
Checksum error from received: `b'ff8600fa3500480300''
Checksum error from received: `b'ff8600fa3500480300''
Checksum error from received: `b'ff8600fa3500480300''
Checksum did not validate. Try again.
Checksum error from received: `b'ff8600f93500490300''
Checksum error from received: `b'ff8600f93500490300''
Checksum error from received: `b'ff8600f735004b0300''
Checksum error from received: `b'ff8600f635004c0300''
Checksum error from received: `b'ff8600f635004c0300''
Checksum error from received: `b'ff8600f635004c0300''
Checksum did not validate. Try again.
A full buffer was not returned. Try again.
Checksum error from received: `b'ff8600f435004e0300''
Checksum error from received: `b'ff8600f435004e0300''
Checksum did not validate. Try again.
Checksum error from received: `b'ff8600f335004f0300''
Checksum error from received: `b'ff8600f23500500300''
Checksum error from received: `b'ff8600f23500500300''
Checksum error from received: `b'ff8600f23500500300''
Checksum error from received: `b'ff8600f23500500300''
Checksum error from received: `b'ff8600f23500500300''
Checksum error from received: `b'ff8600f23500500300''
Checksum error from received: `b'ff8600f23500500300''
Checksum error from received: `b'ff8600f13500510300''
Checksum error from received: `b'ff8600f13500510300''
Checksum error from received: `b'ff8600f13500510300''
Checksum error from received: `b'ff8600f03500520300''
Checksum error from received: `b'ff8600f03500520300''
Checksum error from received: `b'ff8600f03500520300''
Checksum error from received: `b'ff8600f03500520300''
Checksum error from received: `b'ff8600ef3500530300''
Checksum error from received: `b'ff8600ef3500530300''
Checksum error from received: `b'ff8600ef3500530300''
Checksum error from received: `b'ff8600ef3500530300''
Checksum error from received: `b'ff8600ef3500530300''
Checksum error from received: `b'ff8600ed3500550300''
Checksum error from received: `b'ff8600ed3500550300''
Checksum error from received: `b'ff8600ed3500550300''
Checksum error from received: `b'ff8600ed3500550300''
Checksum did not validate. Try again.
Checksum did not validate. Try again.
Checksum error from received: `b'ff8600ec3500560300''
Checksum error from received: `b'ff8600eb3500570300''
Checksum error from received: `b'ff8600eb3500570300''
Checksum error from received: `b'ff8600eb3500570300''
Checksum error from received: `b'ff8600eb3500570300''
Checksum error from received: `b'ff8600eb3500570300''
Checksum error from received: `b'ff8600eb3500570300''
Checksum error from received: `b'ff8600eb3500570300''
Checksum error from received: `b'ff8600ea3500580300''
Checksum error from received: `b'ff8600e93500590300''
Checksum did not validate. Try again.
Checksum error from received: `b'ff8600e93500590300''
Checksum error from received: `b'ff8600e93500590300''
Checksum did not validate. Try again.
Checksum error from received: `b'ff8600e835005a0300''
Checksum error from received: `b'ff8600e835005a0300''
Checksum error from received: `b'ff8600e835005a0300''
Checksum error from received: `b'ff8600e835005a0300''
Checksum error from received: `b'ff8600e835005a0300''
Checksum error from received: `b'ff8600e735005b0300''
Checksum error from received: `b'ff8600e735005b0300''
Checksum error from received: `b'ff8600e735005b0300''
Checksum error from received: `b'ff8600e735005b0300''
Checksum error from received: `b'ff8600e735005b0300''
Checksum error from received: `b'ff8600e735005b0300''
Checksum error from received: `b'ff8600e735005b0300''
Checksum error from received: `b'ff8600e635005c0300''
Checksum error from received: `b'ff8600e635005c0300''
Checksum error from received: `b'ff8600e635005c0300''
Checksum error from received: `b'ff8600e535005d0300''
Checksum error from received: `b'ff8600e535005d0300''
Checksum error from received: `b'ff8600e535005d0300''
Checksum error from received: `b'ff8600e435005e0300''
Checksum error from received: `b'ff8600e435005e0300''
Checksum error from received: `b'ff8600e435005e0300''
Checksum did not validate. Try again.
Checksum did not validate. Try again.
Checksum did not validate. Try again.
Checksum error from received: `b'ff8600e435005e0300''
Checksum error from received: `b'ff8600e435005e0300''
A full buffer was not returned. Try again.
Checksum error from received: `b'ff8600e335005f0300''
Checksum did not validate. Try again.
Checksum error from received: `b'ff8600e23500600300''
Checksum error from received: `b'ff8600e23500600300''
Checksum error from received: `b'ff8600e23500600300''
Checksum error from received: `b'ff8600e13500610300''
Checksum error from received: `b'ff8600e13500610300''
Checksum error from received: `b'ff8600e13500610300''
Checksum error from received: `b'ff8600e13500610300''
Checksum error from received: `b'ff8600e13500610300''
Checksum error from received: `b'ff8600e03500620300''
Checksum did not validate. Try again.
Checksum error from received: `b'ff8600df3500630300''
Checksum error from received: `b'ff8600df3500630300''
Checksum error from received: `b'ff8600de3500640300''
Checksum error from received: `b'ff8600de3500640300''
Checksum error from received: `b'ff8600de3500640300''
Checksum did not validate. Try again.
Checksum error from received: `b'ff8600de3500640300''
Checksum error from received: `b'ff8600dd3500650300''
Checksum error from received: `b'ff8600dd3500650300''
Checksum error from received: `b'ff8600dd3500650300''
Checksum did not validate. Try again.
Checksum error from received: `b'ff8600dc3500660300''
Checksum error from received: `b'ff8600dc3500660300''
Checksum error from received: `b'ff8600db3500670300''
Checksum error from received: `b'ff8600db3500670300''
Checksum did not validate. Try again.
Checksum error from received: `b'ff8600db3500670300''
Checksum did not validate. Try again.
Checksum error from received: `b'ff8600da3500680300''
Checksum error from received: `b'ff8600d93500690300''
Checksum error from received: `b'ff8600d93500690300''
Checksum error from received: `b'ff8600d93500690300''
Checksum error from received: `b'ff8600d93500690300''
Checksum error from received: `b'ff8600d93500690300''
Checksum error from received: `b'ff8600d835006a0300''
Checksum error from received: `b'ff8600d835006a0300''
Checksum error from received: `b'ff8600d835006a0300''
Checksum did not validate. Try again.
Checksum did not validate. Try again.
Checksum did not validate. Try again.
Checksum did not validate. Try again.
Checksum did not validate. Try again.
Checksum did not validate. Try again.
A full buffer was not returned. Try again.
Checksum error from received: `b'ff8600d635006c0300''
Checksum error from received: `b'ff8600d635006c0300''
Checksum did not validate. Try again.
Checksum error from received: `b'ff8600d335006f0300''
Checksum did not validate. Try again.
Checksum did not validate. Try again.
Checksum did not validate. Try again.
Checksum did not validate. Try again.
Checksum did not validate. Try again.
A full buffer was not returned. Try again.
Checksum did not validate. Try again.
Checksum did not validate. Try again.
Checksum did not validate. Try again.
Checksum did not validate. Try again.
Checksum did not validate. Try again.
Checksum did not validate. Try again.
A full buffer was not returned. Try again.
A full buffer was not returned. Try again.
Checksum error from received: `b'ff8601b635008a0400''
Checksum error from received: `b'ff8601b635008a0400''
Checksum did not validate. Try again.
Checksum did not validate. Try again.
Checksum did not validate. Try again.
Checksum did not validate. Try again.
Checksum did not validate. Try again.
Checksum did not validate. Try again.
Checksum did not validate. Try again.
Checksum did not validate. Try again.
Checksum did not validate. Try again.
Checksum did not validate. Try again.
Checksum did not validate. Try again.
Checksum did not validate. Try again.
Checksum did not validate. Try again.
Checksum did not validate. Try again.
Checksum did not validate. Try again.
Checksum did not validate. Try again.
Checksum did not validate. Try again.
Checksum did not validate. Try again.
Checksum did not validate. Try again.
Checksum did not validate. Try again.
Checksum did not validate. Try again.
Checksum did not validate. Try again.
A full buffer was not returned. Try again.
A full buffer was not returned. Try again.
Checksum did not validate. Try again.
A full buffer was not returned. Try again.
Checksum did not validate. Try again.
A full buffer was not returned. Try again.
Checksum did not validate. Try again.
Checksum did not validate. Try again.
Checksum did not validate. Try again.
Checksum did not validate. Try again.
Checksum error from received: `b'ff8601f535004c0300''
Checksum did not validate. Try again.
Checksum did not validate. Try again.
A full buffer was not returned. Try again.
Checksum did not validate. Try again.
Checksum did not validate. Try again.
Checksum did not validate. Try again.
A full buffer was not returned. Try again.
Checksum error from received: `b'ff8601de3500630300''
Checksum did not validate. Try again.
Checksum did not validate. Try again.
A full buffer was not returned. Try again.
Checksum error from received: `b'ff8601d03500710300''
Checksum did not validate. Try again.
A full buffer was not returned. Try again.
Checksum did not validate. Try again.
Checksum did not validate. Try again.
Checksum did not validate. Try again.
Checksum error from received: `b'ff8601cb3500760300''
Checksum error from received: `b'ff8601cb3500760300''
Checksum error from received: `b'ff8601cb3500760300''
Checksum error from received: `b'ff8601c93500780300''
Checksum error from received: `b'ff8601c93500780300''
Checksum error from received: `b'ff8601c93500780300''
Checksum error from received: `b'ff8601c93500780300''
Checksum error from received: `b'ff8601c93500780300''
Checksum error from received: `b'ff8601c83500790300''
Checksum error from received: `b'ff8601c735007a0300''
Checksum error from received: `b'ff8601c735007a0300''
Checksum error from received: `b'ff8601c535007c0300''
Checksum error from received: `b'ff8601c435007d0300''
Checksum did not validate. Try again.
Checksum error from received: `b'ff8601c335007e0300''
Checksum did not validate. Try again.
Checksum error from received: `b'ff8601c335007e0300''
Checksum error from received: `b'ff8601c235007f0300''
Checksum error from received: `b'ff8601c235007f0300''
Checksum error from received: `b'ff8601c235007f0300''
Checksum error from received: `b'ff8601c235007f0300''
Checksum error from received: `b'ff8601c235007f0300''
Checksum error from received: `b'ff8601c235007f0300''
Checksum error from received: `b'ff8601c03500810300''
Checksum error from received: `b'ff8601c03500810300''
Checksum error from received: `b'ff8601bf3500820300''
Checksum error from received: `b'ff8601bf3500820300''
Checksum error from received: `b'ff8601be3500830300''
Checksum error from received: `b'ff8601be3500830300''
Checksum error from received: `b'ff8601be3500830300''
Checksum error from received: `b'ff8601be3500830300''
Checksum did not validate. Try again.
Checksum did not validate. Try again.
Checksum error from received: `b'ff8601bd3500840300''
A full buffer was not returned. Try again.
Checksum error from received: `b'ff8601bd3500840300''
Checksum error from received: `b'ff8601bd3500840300''
Checksum error from received: `b'ff8601bd3500840300''
Checksum error from received: `b'ff8601bc3500850300''
Checksum error from received: `b'ff8601bc3500850300''
Checksum error from received: `b'ff8601bc3500850300''
Checksum error from received: `b'ff8601bb3500860300''
Checksum error from received: `b'ff8601bb3500860300''
Checksum error from received: `b'ff8601bb3500860300''
Checksum error from received: `b'ff8601ba3500870300''
Checksum error from received: `b'ff8601ba3500870300''
Checksum error from received: `b'ff8601ba3500870300''
Checksum error from received: `b'ff8601b93500880300''
Checksum error from received: `b'ff8601b93500880300''
Checksum error from received: `b'ff8601b83500890300''
Checksum error from received: `b'ff8601b83500890300''
Checksum error from received: `b'ff8601b83500890300''
A full buffer was not returned. Try again.
Checksum error from received: `b'ff8601b83500890300''
Checksum did not validate. Try again.
Checksum error from received: `b'ff8601b635008a0400''
Checksum did not validate. Try again.
Checksum error from received: `b'ff8601b635008a0400''
Checksum error from received: `b'ff8601b635008a0400''
A full buffer was not returned. Try again.
Checksum did not validate. Try again.
Checksum did not validate. Try again.
Checksum did not validate. Try again.
Checksum did not validate. Try again.
Checksum did not validate. Try again.
Checksum did not validate. Try again.
Checksum did not validate. Try again.
Checksum did not validate. Try again.
Checksum did not validate. Try again.
Checksum did not validate. Try again.
Checksum did not validate. Try again.
Checksum did not validate. Try again.
Checksum did not validate. Try again.
A full buffer was not returned. Try again.
Checksum did not validate. Try again.
Checksum did not validate. Try again.
Checksum did not validate. Try again.
Checksum did not validate. Try again.
Checksum did not validate. Try again.
Checksum did not validate. Try again.
Checksum did not validate. Try again.
Checksum did not validate. Try again.
Checksum did not validate. Try again.
Checksum did not validate. Try again.
Checksum did not validate. Try again.
Checksum did not validate. Try again.
Checksum did not validate. Try again.
Checksum did not validate. Try again.
Checksum did not validate. Try again.
Checksum did not validate. Try again.
Checksum did not validate. Try again.
Checksum did not validate. Try again.
Checksum did not validate. Try again.
Checksum did not validate. Try again.
Checksum did not validate. Try again.
Checksum did not validate. Try again.
Checksum did not validate. Try again.
Checksum did not validate. Try again.
A full buffer was not returned. Try again.
A full buffer was not returned. Try again.
A full buffer was not returned. Try again.
A full buffer was not returned. Try again.
A full buffer was not returned. Try again.
Received unplausible data. Try again.
Checksum did not validate. Try again.
Checksum did not validate. Try again.
Checksum error from received: `b'ff8601f735004a0300''
Checksum error from received: `b'ff8601f735004a0300''
Checksum error from received: `b'ff8601f635004b0300''
Checksum error from received: `b'ff8601f635004b0300''
Checksum error from received: `b'ff8601f635004b0300''
Checksum did not validate. Try again.
Checksum did not validate. Try again.
Checksum error from received: `b'ff8601f535004c0300''
Checksum error from received: `b'ff8601f535004c0300''
Checksum error from received: `b'ff8601f535004c0300''
Checksum error from received: `b'ff8601f535004c0300''
Checksum error from received: `b'ff8601f535004c0300''
A full buffer was not returned. Try again.
Checksum error from received: `b'ff8601f435004d0300''
Checksum error from received: `b'ff8601f435004d0300''
Checksum error from received: `b'ff8601f435004d0300''
Checksum did not validate. Try again.
Checksum error from received: `b'ff8601f335004e0300''
Checksum error from received: `b'ff8601f335004e0300''
Checksum error from received: `b'ff8601f335004e0300''
Checksum error from received: `b'ff8601f335004e0300''
Checksum error from received: `b'ff8601f335004e0300''
Checksum error from received: `b'ff8601f235004f0300''
Checksum error from received: `b'ff8601f235004f0300''
Checksum error from received: `b'ff8601f235004f0300''
Checksum error from received: `b'ff8601f235004f0300''
Checksum error from received: `b'ff8601f13500500300''
Checksum error from received: `b'ff8601f13500500300''
Checksum error from received: `b'ff8601f13500500300''
Checksum error from received: `b'ff8601f13500500300''
Checksum error from received: `b'ff8601f13500500300''
Checksum error from received: `b'ff8601f13500500300''
Checksum error from received: `b'ff8601f13500500300''
Checksum error from received: `b'ff8601f13500500300''
Checksum error from received: `b'ff8601f13500500300''
Checksum error from received: `b'ff8601f03500510300''
Checksum error from received: `b'ff8601f03500510300''
Checksum error from received: `b'ff8601f03500510300''
Checksum error from received: `b'ff8601ef3500520300''
Checksum did not validate. Try again.
Checksum error from received: `b'ff8601ee3500530300''
Checksum error from received: `b'ff8601ee3500530300''
Checksum error from received: `b'ff8601ee3500530300''
Checksum error from received: `b'ff8601ee3500530300''
Checksum error from received: `b'ff8601ee3500530300''
Checksum error from received: `b'ff8601ee3500530300''
Checksum error from received: `b'ff8601ee3500530300''
Checksum error from received: `b'ff8601ed3500540300''
Checksum error from received: `b'ff8601ed3500540300''
Checksum did not validate. Try again.
Checksum did not validate. Try again.
A full buffer was not returned. Try again.
Checksum did not validate. Try again.
Checksum did not validate. Try again.
Checksum did not validate. Try again.
Checksum did not validate. Try again.
Checksum error from received: `b'ff8601ed3500540300''
Checksum error from received: `b'ff8601ec3500550300''
Checksum error from received: `b'ff8601ec3500550300''
Checksum did not validate. Try again.
Checksum error from received: `b'ff8601ec3500550300''
Checksum did not validate. Try again.
Checksum did not validate. Try again.
Checksum did not validate. Try again.
Checksum error from received: `b'ff8601ec3500550300''
Checksum error from received: `b'ff8601eb3500560300''
Checksum error from received: `b'ff8601eb3500560300''
Checksum error from received: `b'ff8601eb3500560300''
Checksum error from received: `b'ff8601eb3500560300''
Checksum error from received: `b'ff8601eb3500560300''
Checksum error from received: `b'ff8601eb3500560300''
Checksum error from received: `b'ff8601eb3500560300''
Checksum error from received: `b'ff8601eb3500560300''
Checksum error from received: `b'ff8601eb3500560300''
Checksum error from received: `b'ff8601eb3500560300''
Checksum error from received: `b'ff8601ea3500570300''
Checksum error from received: `b'ff8601e93500580300''
Checksum did not validate. Try again.
Checksum error from received: `b'ff8601e93500580300''
Checksum error from received: `b'ff8601e83500590300''
Checksum did not validate. Try again.
Checksum error from received: `b'ff8601e83500590300''
Checksum error from received: `b'ff8601e83500590300''
Checksum error from received: `b'ff8601e83500590300''
Checksum did not validate. Try again.
Checksum did not validate. Try again.
Checksum did not validate. Try again.
Checksum error from received: `b'ff8601e83500590300''
Checksum error from received: `b'ff8601e83500590300''
Checksum error from received: `b'ff8601e735005a0300''
Checksum error from received: `b'ff8601e735005a0300''
Checksum did not validate. Try again.
Checksum error from received: `b'ff8601e735005a0300''
Checksum error from received: `b'ff8601e635005b0300''
Checksum error from received: `b'ff8601e635005b0300''
Checksum error from received: `b'ff8601e535005c0300''
Checksum error from received: `b'ff8601e535005c0300''
Checksum error from received: `b'ff8601e535005c0300''
Checksum error from received: `b'ff8601e535005c0300''
Checksum error from received: `b'ff8601e535005c0300''
Checksum error from received: `b'ff8601e435005d0300''
Checksum error from received: `b'ff8601e335005e0300''
Checksum error from received: `b'ff8601e335005e0300''
Checksum error from received: `b'ff8601e335005e0300''
Checksum error from received: `b'ff8601e235005f0300''
Checksum error from received: `b'ff8601e235005f0300''
Checksum error from received: `b'ff8601e235005f0300''
Checksum error from received: `b'ff8601e13500600300''
Checksum error from received: `b'ff8601e13500600300''
Checksum error from received: `b'ff8601e13500600300''
Checksum error from received: `b'ff8601e13500600300''
Checksum error from received: `b'ff8601e03500610300''
Checksum error from received: `b'ff8601e03500610300''
Checksum error from received: `b'ff8601e03500610300''
Checksum error from received: `b'ff8601e03500610300''
Checksum error from received: `b'ff8601e03500610300''
Checksum error from received: `b'ff8601e03500610300''
Checksum error from received: `b'ff8601df3500620300''
Checksum error from received: `b'ff8601df3500620300''
Checksum error from received: `b'ff8601df3500620300''
Checksum error from received: `b'ff8601de3500630300''
Checksum error from received: `b'ff8601de3500630300''
Checksum error from received: `b'ff8601de3500630300''
Checksum error from received: `b'ff8601de3500630300''
Checksum error from received: `b'ff8601de3500630300''
Checksum error from received: `b'ff8601de3500630300''
Checksum error from received: `b'ff8601de3500630300''
Checksum error from received: `b'ff8601dd3500640300''
Checksum error from received: `b'ff8601dd3500640300''
Checksum error from received: `b'ff8601dd3500640300''
Checksum error from received: `b'ff8601dc3500650300''
Checksum error from received: `b'ff8601dc3500650300''
Checksum error from received: `b'ff8601dc3500650300''
Checksum error from received: `b'ff8601dc3500650300''
Checksum error from received: `b'ff8601dc3500650300''
Checksum error from received: `b'ff8601db3500660300''
Checksum error from received: `b'ff8601da3500670300''
Checksum did not validate. Try again.
Checksum error from received: `b'ff8601da3500670300''
Checksum error from received: `b'ff8601d93500680300''
Checksum error from received: `b'ff8601d83500690300''
Checksum did not validate. Try again.
Checksum did not validate. Try again.
Checksum error from received: `b'ff8601cf3500720300''
Checksum error from received: `b'ff8601cd3500740300''
Checksum error from received: `b'ff8601cd3500740300''
Checksum did not validate. Try again.
Checksum error from received: `b'ff8601cd3500740300''
Checksum error from received: `b'ff8601cd3500740300''
Checksum error from received: `b'ff8601cc3500750300''
Checksum did not validate. Try again.
Checksum did not validate. Try again.
Checksum did not validate. Try again.
Checksum error from received: `b'ff8601cc3500750300''
Checksum error from received: `b'ff8601cb3500760300''
Checksum did not validate. Try again.
Checksum error from received: `b'ff8601ca3500770300''
Checksum error from received: `b'ff8601ca3500770300''
Checksum error from received: `b'ff8601c93500780300''
Checksum error from received: `b'ff8601c93500780300''
Checksum error from received: `b'ff8601c93500780300''
Checksum error from received: `b'ff8601c93500780300''
Checksum error from received: `b'ff8601c83500790300''
Checksum error from received: `b'ff8601c83500790300''
Checksum error from received: `b'ff8601c83500790300''
Checksum error from received: `b'ff8601c735007a0300''
Checksum error from received: `b'ff8601c635007b0300''
Checksum error from received: `b'ff8601c535007c0300''
Checksum error from received: `b'ff8601c535007c0300''
Checksum did not validate. Try again.
Checksum error from received: `b'ff8601c535007c0300''
Checksum error from received: `b'ff8601c535007c0300''
Checksum error from received: `b'ff8601c435007d0300''
Checksum error from received: `b'ff8601c435007d0300''
Checksum error from received: `b'ff8601c435007d0300''
Checksum error from received: `b'ff8601c335007e0300''
Checksum error from received: `b'ff8601c335007e0300''
Checksum error from received: `b'ff8601c335007e0300''
Checksum error from received: `b'ff8601c335007e0300''
Checksum error from received: `b'ff8601c335007e0300''
Checksum error from received: `b'ff8601c235007f0300''
Checksum error from received: `b'ff8601c235007f0300''
Checksum error from received: `b'ff8601c235007f0300''
Checksum error from received: `b'ff8601c13500800300''
Checksum error from received: `b'ff8601c13500800300''
Checksum error from received: `b'ff8601c13500800300''
Checksum error from received: `b'ff8601c13500800300''
Checksum error from received: `b'ff8601c13500800300''
Checksum did not validate. Try again.
Checksum error from received: `b'ff8601c03500810300''
Checksum error from received: `b'ff8601c03500810300''
Checksum error from received: `b'ff8601bf3500820300''
Checksum error from received: `b'ff8601bf3500820300''
Checksum error from received: `b'ff8601be3500830300''
Checksum error from received: `b'ff8601be3500830300''
Checksum error from received: `b'ff8601be3500830300''
Checksum error from received: `b'ff8601bd3500840300''
Checksum error from received: `b'ff8601bd3500840300''
Checksum error from received: `b'ff8601bc3500850300''
Checksum error from received: `b'ff8601bc3500850300''
Checksum error from received: `b'ff8601bb3500860300''
Checksum error from received: `b'ff8601bb3500860300''
Checksum error from received: `b'ff8601bb3500860300''
Checksum error from received: `b'ff8601bb3500860300''
Checksum error from received: `b'ff8601bb3500860300''
Checksum error from received: `b'ff8601ba3500870300''
A full buffer was not returned. Try again.
Checksum error from received: `b'ff8601ba3500870300''
Checksum error from received: `b'ff8601ba3500870300''
Checksum did not validate. Try again.
Checksum error from received: `b'ff8601b83500890300''
Checksum error from received: `b'ff8601b83500890300''
Checksum error from received: `b'ff8601b83500890300''
Checksum error from received: `b'ff8601b635008a0400''
Checksum error from received: `b'ff8601b635008a0400''
Checksum did not validate. Try again.
Checksum did not validate. Try again.
A full buffer was not returned. Try again.
Checksum did not validate. Try again.
Checksum did not validate. Try again.
Checksum did not validate. Try again.
Checksum did not validate. Try again.
Checksum did not validate. Try again.
Checksum did not validate. Try again.
Checksum did not validate. Try again.
Checksum did not validate. Try again.
Checksum did not validate. Try again.
Checksum did not validate. Try again.
Checksum did not validate. Try again.
Checksum did not validate. Try again.
A full buffer was not returned. Try again.
Checksum did not validate. Try again.
A full buffer was not returned. Try again.
Checksum did not validate. Try again.
Checksum did not validate. Try again.
Checksum did not validate. Try again.
Checksum did not validate. Try again.
Checksum did not validate. Try again.
Checksum did not validate. Try again.
Checksum did not validate. Try again.
A full buffer was not returned. Try again.
A full buffer was not returned. Try again.
Checksum did not validate. Try again.
Checksum did not validate. Try again.
Checksum did not validate. Try again.
Checksum did not validate. Try again.
Checksum did not validate. Try again.
Checksum did not validate. Try again.
Checksum did not validate. Try again.
Checksum did not validate. Try again.
Checksum did not validate. Try again.
Checksum did not validate. Try again.
Checksum did not validate. Try again.
Checksum did not validate. Try again.
Checksum did not validate. Try again.
Checksum did not validate. Try again.
Checksum did not validate. Try again.
Checksum did not validate. Try again.
Checksum did not validate. Try again.
Checksum did not validate. Try again.
Checksum did not validate. Try again.
Checksum did not validate. Try again.
Checksum did not validate. Try again.
Checksum did not validate. Try again.
Checksum did not validate. Try again.
Checksum did not validate. Try again.
Checksum did not validate. Try again.
Checksum did not validate. Try again.
A full buffer was not returned. Try again.
A full buffer was not returned. Try again.
Checksum did not validate. Try again.
Checksum did not validate. Try again.
Checksum did not validate. Try again.
Checksum did not validate. Try again.
Checksum did not validate. Try again.
Checksum did not validate. Try again.
Checksum did not validate. Try again.
Checksum did not validate. Try again.
Checksum did not validate. Try again.
Checksum error from received: `b'ff8601bc3500850300''
Checksum error from received: `b'ff8601bc3500850300''
Checksum error from received: `b'ff8601bb3500860300''
Checksum error from received: `b'ff8601bb3500860300''
Checksum error from received: `b'ff8601ba3500870300''
Checksum error from received: `b'ff8601ba3500870300''
Checksum did not validate. Try again.
Checksum error from received: `b'ff8601ba3500870300''
Checksum did not validate. Try again.
Checksum did not validate. Try again.
Checksum did not validate. Try again.
A full buffer was not returned. Try again.
Checksum did not validate. Try again.
Checksum did not validate. Try again.
Checksum did not validate. Try again.
Checksum did not validate. Try again.
A full buffer was not returned. Try again.
Checksum did not validate. Try again.
Checksum did not validate. Try again.
Checksum did not validate. Try again.
A full buffer was not returned. Try again.
A full buffer was not returned. Try again.
Checksum did not validate. Try again.
Checksum did not validate. Try again.
Checksum did not validate. Try again.
Checksum did not validate. Try again.
Checksum did not validate. Try again.
Checksum did not validate. Try again.
Checksum did not validate. Try again.
A full buffer was not returned. Try again.
Checksum did not validate. Try again.
Checksum did not validate. Try again.
Checksum did not validate. Try again.
Checksum did not validate. Try again.
Checksum did not validate. Try again.
Checksum did not validate. Try again.
Checksum did not validate. Try again.
Checksum did not validate. Try again.
Checksum error from received: `b'ff8601d13500700300''
Checksum did not validate. Try again.
Checksum did not validate. Try again.
A full buffer was not returned. Try again.
Checksum did not validate. Try again.
Checksum error from received: `b'ff8601ce3500730300''
Checksum did not validate. Try again.
Checksum error from received: `b'ff8601cc3500750300''
Checksum did not validate. Try again.
Checksum error from received: `b'ff8601cb3500760300''
Checksum did not validate. Try again.
Checksum error from received: `b'ff8601c83500790300''
Checksum error from received: `b'ff8601c83500790300''
A full buffer was not returned. Try again.
Checksum did not validate. Try again.
A full buffer was not returned. Try again.
Checksum error from received: `b'ff8601c335007e0300''
Checksum error from received: `b'ff8601c335007e0300''
Checksum error from received: `b'ff8601c335007e0300''
Checksum error from received: `b'ff8601c235007f0300''
Checksum error from received: `b'ff8601c235007f0300''
Checksum error from received: `b'ff8601c13500800300''
Checksum did not validate. Try again.
Checksum did not validate. Try again.
Checksum error from received: `b'ff8601c13500800300''
Checksum error from received: `b'ff8601c13500800300''
Checksum error from received: `b'ff8601c13500800300''
Checksum error from received: `b'ff8601c03500810300''
Checksum error from received: `b'ff8601c03500810300''
Checksum error from received: `b'ff8601c03500810300''
A full buffer was not returned. Try again.
Checksum did not validate. Try again.
Checksum did not validate. Try again.
Checksum error from received: `b'ff8601c03500810300''
Checksum error from received: `b'ff8601c03500810300''
A full buffer was not returned. Try again.
Checksum error from received: `b'ff8601bf3500820300''
Checksum error from received: `b'ff8601bf3500820300''
Checksum error from received: `b'ff8601bf3500820300''
Checksum error from received: `b'ff8601be3500830300''
Checksum did not validate. Try again.
A full buffer was not returned. Try again.
Checksum did not validate. Try again.
Checksum error from received: `b'ff8601be3500830300''
Checksum error from received: `b'ff8601bd3500840300''
Checksum error from received: `b'ff8601bd3500840300''
Checksum error from received: `b'ff8601bd3500840300''
Checksum error from received: `b'ff8601bd3500840300''
Checksum error from received: `b'ff8601bc3500850300''
Checksum error from received: `b'ff8601bc3500850300''
Checksum error from received: `b'ff8601bc3500850300''
Checksum error from received: `b'ff8601bb3500860300''
Checksum error from received: `b'ff8601bb3500860300''
Checksum error from received: `b'ff8601bb3500860300''
Checksum error from received: `b'ff8601bb3500860300''
Checksum error from received: `b'ff8601bb3500860300''
b'{"error":"timeout"}\n'
Checksum error from received: `b'ff8601ba3500870300''
Checksum error from received: `b'ff8601ba3500870300''
Checksum error from received: `b'ff8601ba3500870300''
Checksum error from received: `b'ff8601ba3500870300''
Checksum error from received: `b'ff8601ba3500870300''
Checksum error from received: `b'ff8601ba3500870300''
Checksum error from received: `b'ff8601b93500880300''
Checksum error from received: `b'ff8601b93500880300''
Checksum error from received: `b'ff8601b93500880300''
Checksum error from received: `b'ff8601b93500880300''
Checksum error from received: `b'ff8601b93500880300''
Checksum error from received: `b'ff8601b93500880300''
Checksum error from received: `b'ff8601b83500890300''
Checksum did not validate. Try again.
Checksum error from received: `b'ff8601b83500890300''
Checksum did not validate. Try again.
Checksum error from received: `b'ff8601b635008a0400''
Checksum did not validate. Try again.
Checksum did not validate. Try again.
Checksum did not validate. Try again.
Checksum did not validate. Try again.
Checksum did not validate. Try again.
A full buffer was not returned. Try again.
Checksum did not validate. Try again.
Checksum did not validate. Try again.
Checksum did not validate. Try again.
Checksum did not validate. Try again.
Checksum did not validate. Try again.
Checksum did not validate. Try again.
Checksum did not validate. Try again.
Checksum did not validate. Try again.
Checksum did not validate. Try again.
Checksum did not validate. Try again.
Checksum did not validate. Try again.
Checksum did not validate. Try again.
Checksum did not validate. Try again.
A full buffer was not returned. Try again.
A full buffer was not returned. Try again.
Checksum did not validate. Try again.
Checksum did not validate. Try again.
A full buffer was not returned. Try again.
Checksum did not validate. Try again.
Checksum did not validate. Try again.
A full buffer was not returned. Try again.
Checksum did not validate. Try again.
Checksum did not validate. Try again.
Checksum did not validate. Try again.
A full buffer was not returned. Try again.
Checksum did not validate. Try again.
A full buffer was not returned. Try again.
Checksum did not validate. Try again.
Checksum did not validate. Try again.
Checksum did not validate. Try again.
A full buffer was not returned. Try again.
A full buffer was not returned. Try again.
Checksum did not validate. Try again.
Checksum did not validate. Try again.
Checksum did not validate. Try again.
Checksum did not validate. Try again.
Checksum did not validate. Try again.
Checksum did not validate. Try again.
A full buffer was not returned. Try again.
Checksum did not validate. Try again.
Checksum did not validate. Try again.
Checksum did not validate. Try again.
Checksum did not validate. Try again.
Checksum did not validate. Try again.
Checksum did not validate. Try again.
Checksum did not validate. Try again.
Checksum did not validate. Try again.
Checksum did not validate. Try again.
Checksum did not validate. Try again.
Checksum did not validate. Try again.
Checksum did not validate. Try again.
A full buffer was not returned. Try again.
Checksum error from received: `b'ff8601d635006b0300''
Checksum error from received: `b'ff8601d635006b0300''
Checksum error from received: `b'ff8601d535006c0300''
Checksum error from received: `b'ff8601d535006c0300''
Checksum did not validate. Try again.
Checksum did not validate. Try again.
Checksum did not validate. Try again.
A full buffer was not returned. Try again.
Checksum did not validate. Try again.
Checksum did not validate. Try again.
Checksum did not validate. Try again.
Checksum did not validate. Try again.
Checksum did not validate. Try again.
Checksum did not validate. Try again.
Checksum did not validate. Try again.
Checksum did not validate. Try again.
Checksum did not validate. Try again.
Checksum did not validate. Try again.
Checksum did not validate. Try again.
Checksum did not validate. Try again.
A full buffer was not returned. Try again.
Checksum did not validate. Try again.
Checksum did not validate. Try again.
Checksum did not validate. Try again.
Checksum did not validate. Try again.
Checksum did not validate. Try again.
A full buffer was not returned. Try again.
Checksum did not validate. Try again.
Checksum did not validate. Try again.
A full buffer was not returned. Try again.
Checksum did not validate. Try again.
Checksum did not validate. Try again.
Checksum did not validate. Try again.
Checksum did not validate. Try again.
Checksum did not validate. Try again.
A full buffer was not returned. Try again.
Checksum did not validate. Try again.
Checksum did not validate. Try again.
Checksum did not validate. Try again.
Checksum did not validate. Try again.
A full buffer was not returned. Try again.
Checksum did not validate. Try again.
Checksum did not validate. Try again.
A full buffer was not returned. Try again.
Checksum did not validate. Try again.
Checksum did not validate. Try again.
Checksum did not validate. Try again.
Checksum did not validate. Try again.
Checksum did not validate. Try again.
Checksum did not validate. Try again.
Checksum did not validate. Try again.
Checksum did not validate. Try again.
Checksum did not validate. Try again.
Checksum did not validate. Try again.
Checksum did not validate. Try again.
Checksum did not validate. Try again.
A full buffer was not returned. Try again.
A full buffer was not returned. Try again.
Checksum did not validate. Try again.
A full buffer was not returned. Try again.
A full buffer was not returned. Try again.
Checksum did not validate. Try again.
Checksum did not validate. Try again.
A full buffer was not returned. Try again.
Checksum did not validate. Try again.
Checksum did not validate. Try again.
Checksum did not validate. Try again.
Checksum did not validate. Try again.
Checksum did not validate. Try again.
Checksum did not validate. Try again.
Checksum did not validate. Try again.
Checksum did not validate. Try again.
Checksum did not validate. Try again.
Checksum did not validate. Try again.
Checksum did not validate. Try again.
Checksum did not validate. Try again.
A full buffer was not returned. Try again.
Checksum did not validate. Try again.
Checksum did not validate. Try again.
Checksum did not validate. Try again.
Checksum did not validate. Try again.
Checksum did not validate. Try again.
Checksum error from received: `b'ff8601c235007f0300''
Checksum did not validate. Try again.
Checksum error from received: `b'ff8601bf3500820300''
Checksum error from received: `b'ff8601bf3500820300''
Checksum error from received: `b'ff8601bf3500820300''
Checksum error from received: `b'ff8601be3500830300''
Checksum error from received: `b'ff8601bd3500840300''
Checksum did not validate. Try again.
Checksum error from received: `b'ff8601bd3500840300''
Checksum did not validate. Try again.
Checksum error from received: `b'ff8601bc3500850300''
Checksum error from received: `b'ff8601bc3500850300''
Checksum error from received: `b'ff8601bb3500860300''
Checksum error from received: `b'ff8601bb3500860300''
Checksum error from received: `b'ff8601ba3500870300''
Checksum error from received: `b'ff8601ba3500870300''
Checksum error from received: `b'ff8601ba3500870300''
Checksum error from received: `b'ff8601b93500880300''
Checksum error from received: `b'ff8601b93500880300''
Checksum error from received: `b'ff8601b93500880300''
Checksum error from received: `b'ff8601b93500880300''
Checksum error from received: `b'ff8601b83500890300''
Checksum error from received: `b'ff8601b83500890300''
Checksum error from received: `b'ff8601b83500890300''
Checksum did not validate. Try again.
Checksum error from received: `b'ff8601b635008a0400''
Checksum error from received: `b'ff8601b635008a0400''
Checksum error from received: `b'ff8601b635008a0400''
Checksum error from received: `b'ff8601b635008a0400''
Checksum error from received: `b'ff8601b635008a0400''
Checksum did not validate. Try again.
Checksum did not validate. Try again.
Checksum did not validate. Try again.
Checksum did not validate. Try again.
Checksum did not validate. Try again.
Checksum did not validate. Try again.
Checksum did not validate. Try again.
Checksum did not validate. Try again.
Checksum did not validate. Try again.
Checksum did not validate. Try again.
Checksum did not validate. Try again.
A full buffer was not returned. Try again.
Checksum did not validate. Try again.
Checksum did not validate. Try again.
Checksum did not validate. Try again.
Checksum did not validate. Try again.
Checksum did not validate. Try again.
Checksum did not validate. Try again.
Checksum did not validate. Try again.
Checksum did not validate. Try again.
Checksum did not validate. Try again.
Checksum did not validate. Try again.
A full buffer was not returned. Try again.
Checksum did not validate. Try again.
Checksum did not validate. Try again.
Checksum did not validate. Try again.
Checksum did not validate. Try again.
A full buffer was not returned. Try again.
Checksum did not validate. Try again.
Checksum did not validate. Try again.
Checksum did not validate. Try again.
Checksum did not validate. Try again.
Checksum did not validate. Try again.
A full buffer was not returned. Try again.
Checksum did not validate. Try again.
Checksum did not validate. Try again.
A full buffer was not returned. Try again.
Checksum did not validate. Try again.
Checksum did not validate. Try again.
Checksum did not validate. Try again.
Checksum did not validate. Try again.
Checksum did not validate. Try again.
Checksum did not validate. Try again.
Checksum did not validate. Try again.
Checksum did not validate. Try again.
Checksum did not validate. Try again.
Checksum error from received: `b'ff8601c93500780300''
Checksum did not validate. Try again.
Checksum error from received: `b'ff8601c83500790300''
Checksum did not validate. Try again.
Checksum error from received: `b'ff8601c535007c0300''
Checksum error from received: `b'ff8601c435007d0300''
Checksum error from received: `b'ff8601c435007d0300''
Checksum error from received: `b'ff8601c435007d0300''
Checksum did not validate. Try again.
Checksum error from received: `b'ff8601c335007e0300''
Checksum error from received: `b'ff8601c335007e0300''
Checksum error from received: `b'ff8601c335007e0300''
Checksum error from received: `b'ff8601c235007f0300''
Checksum error from received: `b'ff8601c235007f0300''
Checksum error from received: `b'ff8601c235007f0300''
Checksum error from received: `b'ff8601c235007f0300''
Checksum error from received: `b'ff8601c235007f0300''
Checksum error from received: `b'ff8601c13500800300''
Checksum error from received: `b'ff8601c13500800300''
Checksum error from received: `b'ff8601c03500810300''
Checksum error from received: `b'ff8601bf3500820300''
Checksum did not validate. Try again.
Checksum did not validate. Try again.
Checksum error from received: `b'ff8601be3500830300''
Checksum error from received: `b'ff8601be3500830300''
Checksum did not validate. Try again.
Checksum error from received: `b'ff8601be3500830300''
Checksum error from received: `b'ff8601be3500830300''
Checksum error from received: `b'ff8601bc3500850300''
Checksum error from received: `b'ff8601bc3500850300''
Checksum error from received: `b'ff8601bb3500860300''
Checksum error from received: `b'ff8601bb3500860300''
Checksum error from received: `b'ff8601bb3500860300''
Checksum error from received: `b'ff8601ba3500870300''
Checksum error from received: `b'ff8601ba3500870300''
Checksum error from received: `b'ff8601ba3500870300''
Checksum error from received: `b'ff8601b93500880300''
A full buffer was not returned. Try again.
Checksum error from received: `b'ff8601b93500880300''
Checksum error from received: `b'ff8601b93500880300''
Checksum error from received: `b'ff8601b83500890300''
Checksum error from received: `b'ff8601b83500890300''
A full buffer was not returned. Try again.
Checksum did not validate. Try again.
Checksum did not validate. Try again.
A full buffer was not returned. Try again.
Checksum did not validate. Try again.
Checksum did not validate. Try again.
Checksum did not validate. Try again.
Checksum did not validate. Try again.
A full buffer was not returned. Try again.
Checksum did not validate. Try again.
Checksum did not validate. Try again.
Checksum did not validate. Try again.
A full buffer was not returned. Try again.
Checksum did not validate. Try again.
Checksum did not validate. Try again.
Checksum did not validate. Try again.
A full buffer was not returned. Try again.
Checksum did not validate. Try again.
Checksum did not validate. Try again.
Checksum did not validate. Try again.
Checksum did not validate. Try again.
Checksum did not validate. Try again.
Checksum did not validate. Try again.
Checksum did not validate. Try again.
Checksum did not validate. Try again.
Checksum did not validate. Try again.
Checksum did not validate. Try again.
Checksum did not validate. Try again.
A full buffer was not returned. Try again.
Checksum did not validate. Try again.
Checksum did not validate. Try again.
Checksum did not validate. Try again.
Checksum did not validate. Try again.
Checksum did not validate. Try again.
Checksum did not validate. Try again.
Checksum did not validate. Try again.
Checksum did not validate. Try again.
Checksum did not validate. Try again.
A full buffer was not returned. Try again.
Checksum did not validate. Try again.
Checksum did not validate. Try again.
Checksum did not validate. Try again.
A full buffer was not returned. Try again.
Checksum did not validate. Try again.
Checksum did not validate. Try again.
Checksum did not validate. Try again.
Checksum did not validate. Try again.
Checksum did not validate. Try again.
Checksum did not validate. Try again.
Checksum did not validate. Try again.
A full buffer was not returned. Try again.
Checksum did not validate. Try again.
A full buffer was not returned. Try again.
A full buffer was not returned. Try again.
Checksum did not validate. Try again.
Checksum did not validate. Try again.
Checksum did not validate. Try again.
A full buffer was not returned. Try again.
Checksum did not validate. Try again.
Checksum did not validate. Try again.
Checksum did not validate. Try again.
A full buffer was not returned. Try again.
A full buffer was not returned. Try again.
A full buffer was not returned. Try again.
A full buffer was not returned. Try again.
Checksum did not validate. Try again.
Checksum did not validate. Try again.
Checksum did not validate. Try again.
Checksum error from received: `b'ff8601bb3500860300''
Checksum error from received: `b'ff8601ba3500870300''
Checksum did not validate. Try again.